2024-11-02T13:20:53.729+05:30  INFO 18472 --- [restartedMain] c.p.ProjectMVCfinalApplication           : Starting ProjectMVCfinalApplication using Java 23 with PID 18472 (C:\Users\snick\eclipse-workspace\ProjectMVCfinal\target\classes started by snick in C:\Users\snick\eclipse-workspace\ProjectMVCfinal)
2024-11-02T13:20:53.731+05:30  INFO 18472 --- [restartedMain] c.p.ProjectMVCfinalApplication           : No active profile set, falling back to 1 default profile: "default"
2024-11-02T13:20:53.732+05:30 DEBUG 18472 --- [restartedMain] o.s.boot.SpringApplication               : Loading source class com.projectmvcfinal.ProjectMVCfinalApplication
2024-11-02T13:20:53.827+05:30 DEBUG 18472 --- [restartedMain] o.s.b.devtools.restart.ChangeableUrls    : Matching URLs for reloading : [file:/C:/Users/snick/.m2/repository/, file:/C:/Users/snick/eclipse-workspace/ProjectMVCfinal/target/classes/]
2024-11-02T13:20:53.828+05:30 DEBUG 18472 --- [restartedMain] o.s.b.d.settings.DevToolsSettings        : Included patterns for restart : []
2024-11-02T13:20:53.828+05:30 DEBUG 18472 --- [restartedMain] o.s.b.d.settings.DevToolsSettings        : Excluded patterns for restart : [/spring-boot-starter-[\w-]+/, /spring-boot/(bin|build|out)/, /spring-boot-starter/(bin|build|out)/, /spring-boot-devtools/(bin|build|out)/, /spring-boot-actuator/(bin|build|out)/, /spring-boot-autoconfigure/(bin|build|out)/]
2024-11-02T13:20:53.828+05:30  INFO 18472 --- [restartedMain] .e.DevToolsPropertyDefaultsPostProcessor : Devtools property defaults active! Set 'spring.devtools.add-properties' to 'false' to disable
2024-11-02T13:20:53.829+05:30  INFO 18472 --- [restartedMain] .e.DevToolsPropertyDefaultsPostProcessor : For additional web related logging consider setting the 'logging.level.web' property to 'DEBUG'
2024-11-02T13:20:53.958+05:30 DEBUG 18472 --- [restartedMain] o.s.boot.devtools.restart.Restarter      : Creating new Restarter for thread Thread[#1,main,5,main]
2024-11-02T13:20:53.959+05:30 DEBUG 18472 --- [restartedMain] o.s.boot.devtools.restart.Restarter      : Immediately restarting application
2024-11-02T13:20:53.959+05:30 DEBUG 18472 --- [restartedMain] o.s.boot.devtools.restart.Restarter      : Starting application com.projectmvcfinal.ProjectMVCfinalApplication with URLs [file:/C:/Users/snick/.m2/repository/, file:/C:/Users/snick/eclipse-workspace/ProjectMVCfinal/target/classes/]
2024-11-02T13:20:54.609+05:30 ERROR 18472 --- [restartedMain] o.s.boot.SpringApplication               : Application run failed

java.lang.IllegalStateException: No Docker Compose file found in directory 'C:\Users\snick\eclipse-workspace\ProjectMVCfinal\.'
	at org.springframework.util.Assert.state(Assert.java:97) ~[spring-core-6.1.14.jar:6.1.14]
	at org.springframework.boot.docker.compose.lifecycle.DockerComposeLifecycleManager.getComposeFile(DockerComposeLifecycleManager.java:149) ~[spring-boot-docker-compose-3.3.5.jar:3.3.5]
	at org.springframework.boot.docker.compose.lifecycle.DockerComposeLifecycleManager.start(DockerComposeLifecycleManager.java:109) ~[spring-boot-docker-compose-3.3.5.jar:3.3.5]
	at org.springframework.boot.docker.compose.lifecycle.DockerComposeListener.onApplicationEvent(DockerComposeListener.java:53) ~[spring-boot-docker-compose-3.3.5.jar:3.3.5]
	at org.springframework.boot.docker.compose.lifecycle.DockerComposeListener.onApplicationEvent(DockerComposeListener.java:35) ~[spring-boot-docker-compose-3.3.5.jar:3.3.5]
	at org.springframework.context.event.SimpleApplicationEventMulticaster.doInvokeListener(SimpleApplicationEventMulticaster.java:185) ~[spring-context-6.1.14.jar:6.1.14]
	at org.springframework.context.event.SimpleApplicationEventMulticaster.invokeListener(SimpleApplicationEventMulticaster.java:178) ~[spring-context-6.1.14.jar:6.1.14]
	at org.springframework.context.event.SimpleApplicationEventMulticaster.multicastEvent(SimpleApplicationEventMulticaster.java:156) ~[spring-context-6.1.14.jar:6.1.14]
	at org.springframework.context.event.SimpleApplicationEventMulticaster.multicastEvent(SimpleApplicationEventMulticaster.java:138) ~[spring-context-6.1.14.jar:6.1.14]
	at org.springframework.boot.context.event.EventPublishingRunListener.multicastInitialEvent(EventPublishingRunListener.java:136) ~[spring-boot-3.3.5.jar:3.3.5]
	at org.springframework.boot.context.event.EventPublishingRunListener.contextLoaded(EventPublishingRunListener.java:98) ~[spring-boot-3.3.5.jar:3.3.5]
	at org.springframework.boot.SpringApplicationRunListeners.lambda$contextLoaded$4(SpringApplicationRunListeners.java:72) ~[spring-boot-3.3.5.jar:3.3.5]
	at java.base/java.lang.Iterable.forEach(Iterable.java:75) ~[na:na]
	at org.springframework.boot.SpringApplicationRunListeners.doWithListeners(SpringApplicationRunListeners.java:118) ~[spring-boot-3.3.5.jar:3.3.5]
	at org.springframework.boot.SpringApplicationRunListeners.doWithListeners(SpringApplicationRunListeners.java:112) ~[spring-boot-3.3.5.jar:3.3.5]
	at org.springframework.boot.SpringApplicationRunListeners.contextLoaded(SpringApplicationRunListeners.java:72) ~[spring-boot-3.3.5.jar:3.3.5]
	at org.springframework.boot.SpringApplication.prepareContext(SpringApplication.java:433) ~[spring-boot-3.3.5.jar:3.3.5]
	at org.springframework.boot.SpringApplication.run(SpringApplication.java:334) ~[spring-boot-3.3.5.jar:3.3.5]
	at org.springframework.boot.SpringApplication.run(SpringApplication.java:1363) ~[spring-boot-3.3.5.jar:3.3.5]
	at org.springframework.boot.SpringApplication.run(SpringApplication.java:1352) ~[spring-boot-3.3.5.jar:3.3.5]
	at com.projectmvcfinal.ProjectMVCfinalApplication.main(ProjectMVCfinalApplication.java:10) ~[classes/:na]
	at java.base/jdk.internal.reflect.DirectMethodHandleAccessor.invoke(DirectMethodHandleAccessor.java:103) ~[na:na]
	at java.base/java.lang.reflect.Method.invoke(Method.java:580) ~[na:na]
	at org.springframework.boot.devtools.restart.RestartLauncher.run(RestartLauncher.java:50) ~[spring-boot-devtools-3.3.5.jar:3.3.5]

2024-11-02T19:08:56.643+05:30  INFO 10252 --- [restartedMain] c.p.ProjectMVCfinalApplication           : Starting ProjectMVCfinalApplication using Java 23 with PID 10252 (C:\Users\snick\eclipse-workspace\ProjectMVCfinal\target\classes started by snick in C:\Users\snick\eclipse-workspace\ProjectMVCfinal)
2024-11-02T19:08:56.647+05:30  INFO 10252 --- [restartedMain] c.p.ProjectMVCfinalApplication           : No active profile set, falling back to 1 default profile: "default"
2024-11-02T19:08:56.649+05:30 DEBUG 10252 --- [restartedMain] o.s.boot.SpringApplication               : Loading source class com.projectmvcfinal.ProjectMVCfinalApplication
2024-11-02T19:08:56.740+05:30 DEBUG 10252 --- [restartedMain] o.s.b.devtools.restart.ChangeableUrls    : Matching URLs for reloading : [file:/C:/Users/snick/.m2/repository/, file:/C:/Users/snick/eclipse-workspace/ProjectMVCfinal/target/classes/]
2024-11-02T19:08:56.740+05:30 DEBUG 10252 --- [restartedMain] o.s.b.d.settings.DevToolsSettings        : Included patterns for restart : []
2024-11-02T19:08:56.741+05:30 DEBUG 10252 --- [restartedMain] o.s.b.d.settings.DevToolsSettings        : Excluded patterns for restart : [/spring-boot-starter-[\w-]+/, /spring-boot/(bin|build|out)/, /spring-boot-starter/(bin|build|out)/, /spring-boot-devtools/(bin|build|out)/, /spring-boot-actuator/(bin|build|out)/, /spring-boot-autoconfigure/(bin|build|out)/]
2024-11-02T19:08:56.741+05:30  INFO 10252 --- [restartedMain] .e.DevToolsPropertyDefaultsPostProcessor : Devtools property defaults active! Set 'spring.devtools.add-properties' to 'false' to disable
2024-11-02T19:08:56.741+05:30  INFO 10252 --- [restartedMain] .e.DevToolsPropertyDefaultsPostProcessor : For additional web related logging consider setting the 'logging.level.web' property to 'DEBUG'
2024-11-02T19:08:56.882+05:30 DEBUG 10252 --- [restartedMain] o.s.boot.devtools.restart.Restarter      : Creating new Restarter for thread Thread[#1,main,5,main]
2024-11-02T19:08:56.883+05:30 DEBUG 10252 --- [restartedMain] o.s.boot.devtools.restart.Restarter      : Immediately restarting application
2024-11-02T19:08:56.883+05:30 DEBUG 10252 --- [restartedMain] o.s.boot.devtools.restart.Restarter      : Starting application com.projectmvcfinal.ProjectMVCfinalApplication with URLs [file:/C:/Users/snick/.m2/repository/, file:/C:/Users/snick/eclipse-workspace/ProjectMVCfinal/target/classes/]
2024-11-02T19:08:57.750+05:30 ERROR 10252 --- [restartedMain] o.s.boot.SpringApplication               : Application run failed

java.lang.IllegalStateException: No Docker Compose file found in directory 'C:\Users\snick\eclipse-workspace\ProjectMVCfinal\.'
	at org.springframework.util.Assert.state(Assert.java:97) ~[spring-core-6.1.14.jar:6.1.14]
	at org.springframework.boot.docker.compose.lifecycle.DockerComposeLifecycleManager.getComposeFile(DockerComposeLifecycleManager.java:149) ~[spring-boot-docker-compose-3.3.5.jar:3.3.5]
	at org.springframework.boot.docker.compose.lifecycle.DockerComposeLifecycleManager.start(DockerComposeLifecycleManager.java:109) ~[spring-boot-docker-compose-3.3.5.jar:3.3.5]
	at org.springframework.boot.docker.compose.lifecycle.DockerComposeListener.onApplicationEvent(DockerComposeListener.java:53) ~[spring-boot-docker-compose-3.3.5.jar:3.3.5]
	at org.springframework.boot.docker.compose.lifecycle.DockerComposeListener.onApplicationEvent(DockerComposeListener.java:35) ~[spring-boot-docker-compose-3.3.5.jar:3.3.5]
	at org.springframework.context.event.SimpleApplicationEventMulticaster.doInvokeListener(SimpleApplicationEventMulticaster.java:185) ~[spring-context-6.1.14.jar:6.1.14]
	at org.springframework.context.event.SimpleApplicationEventMulticaster.invokeListener(SimpleApplicationEventMulticaster.java:178) ~[spring-context-6.1.14.jar:6.1.14]
	at org.springframework.context.event.SimpleApplicationEventMulticaster.multicastEvent(SimpleApplicationEventMulticaster.java:156) ~[spring-context-6.1.14.jar:6.1.14]
	at org.springframework.context.event.SimpleApplicationEventMulticaster.multicastEvent(SimpleApplicationEventMulticaster.java:138) ~[spring-context-6.1.14.jar:6.1.14]
	at org.springframework.boot.context.event.EventPublishingRunListener.multicastInitialEvent(EventPublishingRunListener.java:136) ~[spring-boot-3.3.5.jar:3.3.5]
	at org.springframework.boot.context.event.EventPublishingRunListener.contextLoaded(EventPublishingRunListener.java:98) ~[spring-boot-3.3.5.jar:3.3.5]
	at org.springframework.boot.SpringApplicationRunListeners.lambda$contextLoaded$4(SpringApplicationRunListeners.java:72) ~[spring-boot-3.3.5.jar:3.3.5]
	at java.base/java.lang.Iterable.forEach(Iterable.java:75) ~[na:na]
	at org.springframework.boot.SpringApplicationRunListeners.doWithListeners(SpringApplicationRunListeners.java:118) ~[spring-boot-3.3.5.jar:3.3.5]
	at org.springframework.boot.SpringApplicationRunListeners.doWithListeners(SpringApplicationRunListeners.java:112) ~[spring-boot-3.3.5.jar:3.3.5]
	at org.springframework.boot.SpringApplicationRunListeners.contextLoaded(SpringApplicationRunListeners.java:72) ~[spring-boot-3.3.5.jar:3.3.5]
	at org.springframework.boot.SpringApplication.prepareContext(SpringApplication.java:433) ~[spring-boot-3.3.5.jar:3.3.5]
	at org.springframework.boot.SpringApplication.run(SpringApplication.java:334) ~[spring-boot-3.3.5.jar:3.3.5]
	at org.springframework.boot.SpringApplication.run(SpringApplication.java:1363) ~[spring-boot-3.3.5.jar:3.3.5]
	at org.springframework.boot.SpringApplication.run(SpringApplication.java:1352) ~[spring-boot-3.3.5.jar:3.3.5]
	at com.projectmvcfinal.ProjectMVCfinalApplication.main(ProjectMVCfinalApplication.java:10) ~[classes/:na]
	at java.base/jdk.internal.reflect.DirectMethodHandleAccessor.invoke(DirectMethodHandleAccessor.java:103) ~[na:na]
	at java.base/java.lang.reflect.Method.invoke(Method.java:580) ~[na:na]
	at org.springframework.boot.devtools.restart.RestartLauncher.run(RestartLauncher.java:50) ~[spring-boot-devtools-3.3.5.jar:3.3.5]

